<?xml version="1.0" encoding="UTF-8"?>
<!-- Generated by org.testng.reporters.JUnitXMLReporter -->
<testsuite ignored="0" hostname="DESKTOP-HT3SPI2" failures="1" tests="1" name="Default test(failed)(failed)" time="0.076" errors="0" timestamp="2022-10-11T09:00:30 IST">
  <testcase classname="testng.Test4_parallel_Execution" name="demo" time="0.0">
    <failure type="org.testng.TestNGException" message="
Parameter &amp;apos;Browser1TestNG&amp;apos; is required by @Test on method demo but has not been marked @Optional or defined
in D:\Automation\SeleniumAutomation\test-output\testng-failed.xml">
      <![CDATA[org.testng.TestNGException: 
Parameter 'Browser1TestNG' is required by @Test on method demo but has not been marked @Optional or defined
in D:\Automation\SeleniumAutomation\test-output\testng-failed.xml
at java.base/java.util.ArrayList.forEach(ArrayList.java:1511)
... Removed 26 stack frames]]>
    </failure>
  </testcase> <!-- demo -->
</testsuite> <!-- Default test(failed)(failed) -->
